<?xml version="1.0" encoding="UTF-8"?>
<testsuite xmlns:xsi="http://www.w3.org/2001/XMLSchema-instance" xsi:noNamespaceSchemaLocation="https://maven.apache.org/surefire/maven-surefire-plugin/xsd/surefire-test-report.xsd" version="3.0.2" name="com.example.MinioServicesTest" time="2.911" tests="3" errors="0" skipped="0" failures="0">
  <properties>
    <property name="java.specification.version" value="23"/>
    <property name="sun.cpu.isalist" value="amd64"/>
    <property name="sun.jnu.encoding" value="Cp1252"/>
    <property name="java.class.path" value="C:\school_projects\semester3\Persoonlijk_project\ClickGameAPI\dal\target\test-classes;C:\school_projects\semester3\Persoonlijk_project\ClickGameAPI\dal\target\classes;C:\school_projects\semester3\Persoonlijk_project\ClickGameAPI\Application Layer\target\classes;C:\Users\18022\.m2\repository\jakarta\persistence\jakarta.persistence-api\3.1.0\jakarta.persistence-api-3.1.0.jar;C:\Users\18022\.m2\repository\redis\clients\jedis\5.2.0\jedis-5.2.0.jar;C:\Users\18022\.m2\repository\org\slf4j\slf4j-api\2.0.16\slf4j-api-2.0.16.jar;C:\Users\18022\.m2\repository\org\apache\commons\commons-pool2\2.12.1\commons-pool2-2.12.1.jar;C:\Users\18022\.m2\repository\org\json\json\20240303\json-20240303.jar;C:\Users\18022\.m2\repository\com\google\code\gson\gson\2.11.0\gson-2.11.0.jar;C:\Users\18022\.m2\repository\com\google\errorprone\error_prone_annotations\2.27.0\error_prone_annotations-2.27.0.jar;C:\Users\18022\.m2\repository\org\hibernate\orm\hibernate-core\6.6.12.Final\hibernate-core-6.6.12.Final.jar;C:\Users\18022\.m2\repository\jakarta\transaction\jakarta.transaction-api\2.0.1\jakarta.transaction-api-2.0.1.jar;C:\Users\18022\.m2\repository\org\jboss\logging\jboss-logging\3.6.1.Final\jboss-logging-3.6.1.Final.jar;C:\Users\18022\.m2\repository\org\hibernate\common\hibernate-commons-annotations\7.0.3.Final\hibernate-commons-annotations-7.0.3.Final.jar;C:\Users\18022\.m2\repository\io\smallrye\jandex\3.2.0\jandex-3.2.0.jar;C:\Users\18022\.m2\repository\com\fasterxml\classmate\1.7.0\classmate-1.7.0.jar;C:\Users\18022\.m2\repository\net\bytebuddy\byte-buddy\1.15.11\byte-buddy-1.15.11.jar;C:\Users\18022\.m2\repository\jakarta\xml\bind\jakarta.xml.bind-api\4.0.2\jakarta.xml.bind-api-4.0.2.jar;C:\Users\18022\.m2\repository\jakarta\activation\jakarta.activation-api\2.1.3\jakarta.activation-api-2.1.3.jar;C:\Users\18022\.m2\repository\org\glassfish\jaxb\jaxb-runtime\4.0.5\jaxb-runtime-4.0.5.jar;C:\Users\18022\.m2\repository\org\glassfish\jaxb\jaxb-core\4.0.5\jaxb-core-4.0.5.jar;C:\Users\18022\.m2\repository\org\eclipse\angus\angus-activation\2.0.2\angus-activation-2.0.2.jar;C:\Users\18022\.m2\repository\org\glassfish\jaxb\txw2\4.0.5\txw2-4.0.5.jar;C:\Users\18022\.m2\repository\com\sun\istack\istack-commons-runtime\4.1.2\istack-commons-runtime-4.1.2.jar;C:\Users\18022\.m2\repository\jakarta\inject\jakarta.inject-api\2.0.1\jakarta.inject-api-2.0.1.jar;C:\Users\18022\.m2\repository\org\antlr\antlr4-runtime\4.13.0\antlr4-runtime-4.13.0.jar;C:\Users\18022\.m2\repository\org\hibernate\validator\hibernate-validator\8.0.2.Final\hibernate-validator-8.0.2.Final.jar;C:\Users\18022\.m2\repository\jakarta\validation\jakarta.validation-api\3.0.2\jakarta.validation-api-3.0.2.jar;C:\Users\18022\.m2\repository\software\amazon\awssdk\s3\2.31.18\s3-2.31.18.jar;C:\Users\18022\.m2\repository\software\amazon\awssdk\aws-xml-protocol\2.31.18\aws-xml-protocol-2.31.18.jar;C:\Users\18022\.m2\repository\software\amazon\awssdk\aws-query-protocol\2.31.18\aws-query-protocol-2.31.18.jar;C:\Users\18022\.m2\repository\software\amazon\awssdk\protocol-core\2.31.18\protocol-core-2.31.18.jar;C:\Users\18022\.m2\repository\software\amazon\awssdk\arns\2.31.18\arns-2.31.18.jar;C:\Users\18022\.m2\repository\software\amazon\awssdk\profiles\2.31.18\profiles-2.31.18.jar;C:\Users\18022\.m2\repository\software\amazon\awssdk\crt-core\2.31.18\crt-core-2.31.18.jar;C:\Users\18022\.m2\repository\software\amazon\awssdk\http-auth\2.31.18\http-auth-2.31.18.jar;C:\Users\18022\.m2\repository\software\amazon\awssdk\identity-spi\2.31.18\identity-spi-2.31.18.jar;C:\Users\18022\.m2\repository\software\amazon\awssdk\http-auth-spi\2.31.18\http-auth-spi-2.31.18.jar;C:\Users\18022\.m2\repository\org\reactivestreams\reactive-streams\1.0.4\reactive-streams-1.0.4.jar;C:\Users\18022\.m2\repository\software\amazon\awssdk\http-auth-aws\2.31.18\http-auth-aws-2.31.18.jar;C:\Users\18022\.m2\repository\software\amazon\awssdk\checksums\2.31.18\checksums-2.31.18.jar;C:\Users\18022\.m2\repository\software\amazon\awssdk\checksums-spi\2.31.18\checksums-spi-2.31.18.jar;C:\Users\18022\.m2\repository\software\amazon\awssdk\retries-spi\2.31.18\retries-spi-2.31.18.jar;C:\Users\18022\.m2\repository\software\amazon\awssdk\sdk-core\2.31.18\sdk-core-2.31.18.jar;C:\Users\18022\.m2\repository\software\amazon\awssdk\retries\2.31.18\retries-2.31.18.jar;C:\Users\18022\.m2\repository\software\amazon\awssdk\auth\2.31.18\auth-2.31.18.jar;C:\Users\18022\.m2\repository\software\amazon\awssdk\http-auth-aws-eventstream\2.31.18\http-auth-aws-eventstream-2.31.18.jar;C:\Users\18022\.m2\repository\software\amazon\eventstream\eventstream\1.0.1\eventstream-1.0.1.jar;C:\Users\18022\.m2\repository\software\amazon\awssdk\http-client-spi\2.31.18\http-client-spi-2.31.18.jar;C:\Users\18022\.m2\repository\software\amazon\awssdk\regions\2.31.18\regions-2.31.18.jar;C:\Users\18022\.m2\repository\software\amazon\awssdk\annotations\2.31.18\annotations-2.31.18.jar;C:\Users\18022\.m2\repository\software\amazon\awssdk\utils\2.31.18\utils-2.31.18.jar;C:\Users\18022\.m2\repository\software\amazon\awssdk\aws-core\2.31.18\aws-core-2.31.18.jar;C:\Users\18022\.m2\repository\software\amazon\awssdk\metrics-spi\2.31.18\metrics-spi-2.31.18.jar;C:\Users\18022\.m2\repository\software\amazon\awssdk\json-utils\2.31.18\json-utils-2.31.18.jar;C:\Users\18022\.m2\repository\software\amazon\awssdk\third-party-jackson-core\2.31.18\third-party-jackson-core-2.31.18.jar;C:\Users\18022\.m2\repository\software\amazon\awssdk\endpoints-spi\2.31.18\endpoints-spi-2.31.18.jar;C:\Users\18022\.m2\repository\software\amazon\awssdk\apache-client\2.31.18\apache-client-2.31.18.jar;C:\Users\18022\.m2\repository\org\apache\httpcomponents\httpclient\4.5.13\httpclient-4.5.13.jar;C:\Users\18022\.m2\repository\commons-logging\commons-logging\1.2\commons-logging-1.2.jar;C:\Users\18022\.m2\repository\org\apache\httpcomponents\httpcore\4.4.16\httpcore-4.4.16.jar;C:\Users\18022\.m2\repository\software\amazon\awssdk\netty-nio-client\2.31.18\netty-nio-client-2.31.18.jar;C:\Users\18022\.m2\repository\io\netty\netty-codec-http\4.1.118.Final\netty-codec-http-4.1.118.Final.jar;C:\Users\18022\.m2\repository\io\netty\netty-codec-http2\4.1.118.Final\netty-codec-http2-4.1.118.Final.jar;C:\Users\18022\.m2\repository\io\netty\netty-codec\4.1.118.Final\netty-codec-4.1.118.Final.jar;C:\Users\18022\.m2\repository\io\netty\netty-transport\4.1.118.Final\netty-transport-4.1.118.Final.jar;C:\Users\18022\.m2\repository\io\netty\netty-common\4.1.118.Final\netty-common-4.1.118.Final.jar;C:\Users\18022\.m2\repository\io\netty\netty-buffer\4.1.118.Final\netty-buffer-4.1.118.Final.jar;C:\Users\18022\.m2\repository\io\netty\netty-handler\4.1.118.Final\netty-handler-4.1.118.Final.jar;C:\Users\18022\.m2\repository\io\netty\netty-transport-native-unix-common\4.1.118.Final\netty-transport-native-unix-common-4.1.118.Final.jar;C:\Users\18022\.m2\repository\io\netty\netty-transport-classes-epoll\4.1.118.Final\netty-transport-classes-epoll-4.1.118.Final.jar;C:\Users\18022\.m2\repository\io\netty\netty-resolver\4.1.118.Final\netty-resolver-4.1.118.Final.jar;C:\Users\18022\.m2\repository\software\amazon\awssdk\url-connection-client\2.31.18\url-connection-client-2.31.18.jar;C:\Users\18022\.m2\repository\io\minio\minio\8.5.17\minio-8.5.17.jar;C:\Users\18022\.m2\repository\com\carrotsearch\thirdparty\simple-xml-safe\2.7.1\simple-xml-safe-2.7.1.jar;C:\Users\18022\.m2\repository\com\google\guava\guava\33.3.1-jre\guava-33.3.1-jre.jar;C:\Users\18022\.m2\repository\com\google\guava\failureaccess\1.0.2\failureaccess-1.0.2.jar;C:\Users\18022\.m2\repository\com\google\guava\listenablefuture\9999.0-empty-to-avoid-conflict-with-guava\listenablefuture-9999.0-empty-to-avoid-conflict-with-guava.jar;C:\Users\18022\.m2\repository\com\google\code\findbugs\jsr305\3.0.2\jsr305-3.0.2.jar;C:\Users\18022\.m2\repository\org\checkerframework\checker-qual\3.43.0\checker-qual-3.43.0.jar;C:\Users\18022\.m2\repository\com\google\j2objc\j2objc-annotations\3.0.0\j2objc-annotations-3.0.0.jar;C:\Users\18022\.m2\repository\com\squareup\okhttp3\okhttp\4.12.0\okhttp-4.12.0.jar;C:\Users\18022\.m2\repository\com\squareup\okio\okio\3.6.0\okio-3.6.0.jar;C:\Users\18022\.m2\repository\com\squareup\okio\okio-jvm\3.6.0\okio-jvm-3.6.0.jar;C:\Users\18022\.m2\repository\org\jetbrains\kotlin\kotlin-stdlib-common\1.9.25\kotlin-stdlib-common-1.9.25.jar;C:\Users\18022\.m2\repository\org\jetbrains\kotlin\kotlin-stdlib-jdk8\1.9.25\kotlin-stdlib-jdk8-1.9.25.jar;C:\Users\18022\.m2\repository\org\jetbrains\kotlin\kotlin-stdlib-jdk7\1.9.25\kotlin-stdlib-jdk7-1.9.25.jar;C:\Users\18022\.m2\repository\com\fasterxml\jackson\core\jackson-annotations\2.18.2\jackson-annotations-2.18.2.jar;C:\Users\18022\.m2\repository\com\fasterxml\jackson\core\jackson-core\2.18.2\jackson-core-2.18.2.jar;C:\Users\18022\.m2\repository\com\fasterxml\jackson\core\jackson-databind\2.18.2\jackson-databind-2.18.2.jar;C:\Users\18022\.m2\repository\org\bouncycastle\bcprov-jdk18on\1.78.1\bcprov-jdk18on-1.78.1.jar;C:\Users\18022\.m2\repository\org\apache\commons\commons-compress\1.27.1\commons-compress-1.27.1.jar;C:\Users\18022\.m2\repository\commons-io\commons-io\2.16.1\commons-io-2.16.1.jar;C:\Users\18022\.m2\repository\org\apache\commons\commons-lang3\3.17.0\commons-lang3-3.17.0.jar;C:\Users\18022\.m2\repository\commons-codec\commons-codec\1.17.2\commons-codec-1.17.2.jar;C:\Users\18022\.m2\repository\org\xerial\snappy\snappy-java\1.1.10.7\snappy-java-1.1.10.7.jar;C:\Users\18022\.m2\repository\junit\junit\4.13.2\junit-4.13.2.jar;C:\Users\18022\.m2\repository\org\hamcrest\hamcrest-core\2.2\hamcrest-core-2.2.jar;C:\Users\18022\.m2\repository\org\springframework\boot\spring-boot-starter-web\3.4.5\spring-boot-starter-web-3.4.5.jar;C:\Users\18022\.m2\repository\org\springframework\boot\spring-boot-starter\3.4.3\spring-boot-starter-3.4.3.jar;C:\Users\18022\.m2\repository\org\springframework\boot\spring-boot\3.4.3\spring-boot-3.4.3.jar;C:\Users\18022\.m2\repository\org\springframework\boot\spring-boot-autoconfigure\3.4.3\spring-boot-autoconfigure-3.4.3.jar;C:\Users\18022\.m2\repository\org\springframework\boot\spring-boot-starter-logging\3.4.3\spring-boot-starter-logging-3.4.3.jar;C:\Users\18022\.m2\repository\ch\qos\logback\logback-classic\1.5.16\logback-classic-1.5.16.jar;C:\Users\18022\.m2\repository\ch\qos\logback\logback-core\1.5.16\logback-core-1.5.16.jar;C:\Users\18022\.m2\repository\org\apache\logging\log4j\log4j-to-slf4j\2.24.3\log4j-to-slf4j-2.24.3.jar;C:\Users\18022\.m2\repository\org\apache\logging\log4j\log4j-api\2.24.3\log4j-api-2.24.3.jar;C:\Users\18022\.m2\repository\org\slf4j\jul-to-slf4j\2.0.16\jul-to-slf4j-2.0.16.jar;C:\Users\18022\.m2\repository\jakarta\annotation\jakarta.annotation-api\2.1.1\jakarta.annotation-api-2.1.1.jar;C:\Users\18022\.m2\repository\org\yaml\snakeyaml\2.3\snakeyaml-2.3.jar;C:\Users\18022\.m2\repository\org\springframework\boot\spring-boot-starter-json\3.4.3\spring-boot-starter-json-3.4.3.jar;C:\Users\18022\.m2\repository\com\fasterxml\jackson\datatype\jackson-datatype-jdk8\2.18.2\jackson-datatype-jdk8-2.18.2.jar;C:\Users\18022\.m2\repository\com\fasterxml\jackson\datatype\jackson-datatype-jsr310\2.18.2\jackson-datatype-jsr310-2.18.2.jar;C:\Users\18022\.m2\repository\com\fasterxml\jackson\module\jackson-module-parameter-names\2.18.2\jackson-module-parameter-names-2.18.2.jar;C:\Users\18022\.m2\repository\org\springframework\boot\spring-boot-starter-tomcat\3.4.3\spring-boot-starter-tomcat-3.4.3.jar;C:\Users\18022\.m2\repository\org\apache\tomcat\embed\tomcat-embed-core\10.1.36\tomcat-embed-core-10.1.36.jar;C:\Users\18022\.m2\repository\org\apache\tomcat\embed\tomcat-embed-el\10.1.36\tomcat-embed-el-10.1.36.jar;C:\Users\18022\.m2\repository\org\apache\tomcat\embed\tomcat-embed-websocket\10.1.36\tomcat-embed-websocket-10.1.36.jar;C:\Users\18022\.m2\repository\org\springframework\spring-web\6.2.3\spring-web-6.2.3.jar;C:\Users\18022\.m2\repository\org\springframework\spring-beans\6.2.3\spring-beans-6.2.3.jar;C:\Users\18022\.m2\repository\io\micrometer\micrometer-observation\1.14.4\micrometer-observation-1.14.4.jar;C:\Users\18022\.m2\repository\io\micrometer\micrometer-commons\1.14.4\micrometer-commons-1.14.4.jar;C:\Users\18022\.m2\repository\org\springframework\spring-webmvc\6.2.3\spring-webmvc-6.2.3.jar;C:\Users\18022\.m2\repository\org\springframework\spring-aop\6.2.3\spring-aop-6.2.3.jar;C:\Users\18022\.m2\repository\org\springframework\spring-context\6.2.3\spring-context-6.2.3.jar;C:\Users\18022\.m2\repository\org\springframework\spring-expression\6.2.3\spring-expression-6.2.3.jar;C:\Users\18022\.m2\repository\org\springframework\boot\spring-boot-starter-test\3.4.3\spring-boot-starter-test-3.4.3.jar;C:\Users\18022\.m2\repository\org\springframework\boot\spring-boot-test\3.4.3\spring-boot-test-3.4.3.jar;C:\Users\18022\.m2\repository\org\springframework\boot\spring-boot-test-autoconfigure\3.4.3\spring-boot-test-autoconfigure-3.4.3.jar;C:\Users\18022\.m2\repository\com\jayway\jsonpath\json-path\2.9.0\json-path-2.9.0.jar;C:\Users\18022\.m2\repository\net\minidev\json-smart\2.5.2\json-smart-2.5.2.jar;C:\Users\18022\.m2\repository\net\minidev\accessors-smart\2.5.2\accessors-smart-2.5.2.jar;C:\Users\18022\.m2\repository\org\ow2\asm\asm\9.7.1\asm-9.7.1.jar;C:\Users\18022\.m2\repository\org\assertj\assertj-core\3.26.3\assertj-core-3.26.3.jar;C:\Users\18022\.m2\repository\org\awaitility\awaitility\4.2.2\awaitility-4.2.2.jar;C:\Users\18022\.m2\repository\org\hamcrest\hamcrest\2.2\hamcrest-2.2.jar;C:\Users\18022\.m2\repository\org\junit\jupiter\junit-jupiter\5.11.4\junit-jupiter-5.11.4.jar;C:\Users\18022\.m2\repository\org\junit\jupiter\junit-jupiter-api\5.11.4\junit-jupiter-api-5.11.4.jar;C:\Users\18022\.m2\repository\org\opentest4j\opentest4j\1.3.0\opentest4j-1.3.0.jar;C:\Users\18022\.m2\repository\org\junit\platform\junit-platform-commons\1.11.4\junit-platform-commons-1.11.4.jar;C:\Users\18022\.m2\repository\org\apiguardian\apiguardian-api\1.1.2\apiguardian-api-1.1.2.jar;C:\Users\18022\.m2\repository\org\junit\jupiter\junit-jupiter-params\5.11.4\junit-jupiter-params-5.11.4.jar;C:\Users\18022\.m2\repository\org\junit\jupiter\junit-jupiter-engine\5.11.4\junit-jupiter-engine-5.11.4.jar;C:\Users\18022\.m2\repository\org\junit\platform\junit-platform-engine\1.11.4\junit-platform-engine-1.11.4.jar;C:\Users\18022\.m2\repository\org\mockito\mockito-core\5.14.2\mockito-core-5.14.2.jar;C:\Users\18022\.m2\repository\net\bytebuddy\byte-buddy-agent\1.15.11\byte-buddy-agent-1.15.11.jar;C:\Users\18022\.m2\repository\org\objenesis\objenesis\3.3\objenesis-3.3.jar;C:\Users\18022\.m2\repository\org\mockito\mockito-junit-jupiter\5.14.2\mockito-junit-jupiter-5.14.2.jar;C:\Users\18022\.m2\repository\org\skyscreamer\jsonassert\1.5.3\jsonassert-1.5.3.jar;C:\Users\18022\.m2\repository\com\vaadin\external\google\android-json\0.0.20131108.vaadin1\android-json-0.0.20131108.vaadin1.jar;C:\Users\18022\.m2\repository\org\springframework\spring-core\6.2.3\spring-core-6.2.3.jar;C:\Users\18022\.m2\repository\org\springframework\spring-jcl\6.2.3\spring-jcl-6.2.3.jar;C:\Users\18022\.m2\repository\org\springframework\spring-test\6.2.3\spring-test-6.2.3.jar;C:\Users\18022\.m2\repository\org\xmlunit\xmlunit-core\2.10.0\xmlunit-core-2.10.0.jar;C:\Users\18022\.m2\repository\org\mockito\mockito-inline\5.2.0\mockito-inline-5.2.0.jar;C:\Users\18022\.m2\repository\com\h2database\h2\2.3.232\h2-2.3.232.jar;C:\Users\18022\.m2\repository\org\springframework\boot\spring-boot-starter-data-redis\3.4.3\spring-boot-starter-data-redis-3.4.3.jar;C:\Users\18022\.m2\repository\io\lettuce\lettuce-core\6.4.2.RELEASE\lettuce-core-6.4.2.RELEASE.jar;C:\Users\18022\.m2\repository\io\projectreactor\reactor-core\3.7.3\reactor-core-3.7.3.jar;C:\Users\18022\.m2\repository\org\springframework\data\spring-data-redis\3.4.3\spring-data-redis-3.4.3.jar;C:\Users\18022\.m2\repository\org\springframework\data\spring-data-keyvalue\3.4.3\spring-data-keyvalue-3.4.3.jar;C:\Users\18022\.m2\repository\org\springframework\data\spring-data-commons\3.4.3\spring-data-commons-3.4.3.jar;C:\Users\18022\.m2\repository\org\springframework\spring-tx\6.2.3\spring-tx-6.2.3.jar;C:\Users\18022\.m2\repository\org\springframework\spring-oxm\6.2.3\spring-oxm-6.2.3.jar;C:\Users\18022\.m2\repository\org\springframework\spring-context-support\6.2.3\spring-context-support-6.2.3.jar;C:\Users\18022\.m2\repository\io\github\cdimascio\java-dotenv\5.2.2\java-dotenv-5.2.2.jar;C:\Users\18022\.m2\repository\org\jetbrains\kotlin\kotlin-stdlib\1.9.25\kotlin-stdlib-1.9.25.jar;C:\Users\18022\.m2\repository\org\jetbrains\annotations\13.0\annotations-13.0.jar;"/>
    <property name="java.vm.vendor" value="Oracle Corporation"/>
    <property name="sun.arch.data.model" value="64"/>
    <property name="user.variant" value=""/>
    <property name="java.vendor.url" value="https://java.oracle.com/"/>
    <property name="user.timezone" value="Europe/Amsterdam"/>
    <property name="user.country.format" value="NL"/>
    <property name="os.name" value="Windows 10"/>
    <property name="java.vm.specification.version" value="23"/>
    <property name="sun.java.launcher" value="SUN_STANDARD"/>
    <property name="user.country" value="US"/>
    <property name="sun.boot.library.path" value="C:\Users\18022\.jdks\openjdk-23.0.2\bin"/>
    <property name="sun.java.command" value="C:\Users\18022\AppData\Local\Temp\surefire10805614641423333439\surefirebooter-20250603103108947_3.jar C:\Users\18022\AppData\Local\Temp\surefire10805614641423333439 2025-06-03T10-30-44_306-jvmRun1 surefire-20250603103108947_1tmp surefire_0-20250603103108947_2tmp"/>
    <property name="jdk.debug" value="release"/>
    <property name="surefire.test.class.path" value="C:\school_projects\semester3\Persoonlijk_project\ClickGameAPI\dal\target\test-classes;C:\school_projects\semester3\Persoonlijk_project\ClickGameAPI\dal\target\classes;C:\school_projects\semester3\Persoonlijk_project\ClickGameAPI\Application Layer\target\classes;C:\Users\18022\.m2\repository\jakarta\persistence\jakarta.persistence-api\3.1.0\jakarta.persistence-api-3.1.0.jar;C:\Users\18022\.m2\repository\redis\clients\jedis\5.2.0\jedis-5.2.0.jar;C:\Users\18022\.m2\repository\org\slf4j\slf4j-api\2.0.16\slf4j-api-2.0.16.jar;C:\Users\18022\.m2\repository\org\apache\commons\commons-pool2\2.12.1\commons-pool2-2.12.1.jar;C:\Users\18022\.m2\repository\org\json\json\20240303\json-20240303.jar;C:\Users\18022\.m2\repository\com\google\code\gson\gson\2.11.0\gson-2.11.0.jar;C:\Users\18022\.m2\repository\com\google\errorprone\error_prone_annotations\2.27.0\error_prone_annotations-2.27.0.jar;C:\Users\18022\.m2\repository\org\hibernate\orm\hibernate-core\6.6.12.Final\hibernate-core-6.6.12.Final.jar;C:\Users\18022\.m2\repository\jakarta\transaction\jakarta.transaction-api\2.0.1\jakarta.transaction-api-2.0.1.jar;C:\Users\18022\.m2\repository\org\jboss\logging\jboss-logging\3.6.1.Final\jboss-logging-3.6.1.Final.jar;C:\Users\18022\.m2\repository\org\hibernate\common\hibernate-commons-annotations\7.0.3.Final\hibernate-commons-annotations-7.0.3.Final.jar;C:\Users\18022\.m2\repository\io\smallrye\jandex\3.2.0\jandex-3.2.0.jar;C:\Users\18022\.m2\repository\com\fasterxml\classmate\1.7.0\classmate-1.7.0.jar;C:\Users\18022\.m2\repository\net\bytebuddy\byte-buddy\1.15.11\byte-buddy-1.15.11.jar;C:\Users\18022\.m2\repository\jakarta\xml\bind\jakarta.xml.bind-api\4.0.2\jakarta.xml.bind-api-4.0.2.jar;C:\Users\18022\.m2\repository\jakarta\activation\jakarta.activation-api\2.1.3\jakarta.activation-api-2.1.3.jar;C:\Users\18022\.m2\repository\org\glassfish\jaxb\jaxb-runtime\4.0.5\jaxb-runtime-4.0.5.jar;C:\Users\18022\.m2\repository\org\glassfish\jaxb\jaxb-core\4.0.5\jaxb-core-4.0.5.jar;C:\Users\18022\.m2\repository\org\eclipse\angus\angus-activation\2.0.2\angus-activation-2.0.2.jar;C:\Users\18022\.m2\repository\org\glassfish\jaxb\txw2\4.0.5\txw2-4.0.5.jar;C:\Users\18022\.m2\repository\com\sun\istack\istack-commons-runtime\4.1.2\istack-commons-runtime-4.1.2.jar;C:\Users\18022\.m2\repository\jakarta\inject\jakarta.inject-api\2.0.1\jakarta.inject-api-2.0.1.jar;C:\Users\18022\.m2\repository\org\antlr\antlr4-runtime\4.13.0\antlr4-runtime-4.13.0.jar;C:\Users\18022\.m2\repository\org\hibernate\validator\hibernate-validator\8.0.2.Final\hibernate-validator-8.0.2.Final.jar;C:\Users\18022\.m2\repository\jakarta\validation\jakarta.validation-api\3.0.2\jakarta.validation-api-3.0.2.jar;C:\Users\18022\.m2\repository\software\amazon\awssdk\s3\2.31.18\s3-2.31.18.jar;C:\Users\18022\.m2\repository\software\amazon\awssdk\aws-xml-protocol\2.31.18\aws-xml-protocol-2.31.18.jar;C:\Users\18022\.m2\repository\software\amazon\awssdk\aws-query-protocol\2.31.18\aws-query-protocol-2.31.18.jar;C:\Users\18022\.m2\repository\software\amazon\awssdk\protocol-core\2.31.18\protocol-core-2.31.18.jar;C:\Users\18022\.m2\repository\software\amazon\awssdk\arns\2.31.18\arns-2.31.18.jar;C:\Users\18022\.m2\repository\software\amazon\awssdk\profiles\2.31.18\profiles-2.31.18.jar;C:\Users\18022\.m2\repository\software\amazon\awssdk\crt-core\2.31.18\crt-core-2.31.18.jar;C:\Users\18022\.m2\repository\software\amazon\awssdk\http-auth\2.31.18\http-auth-2.31.18.jar;C:\Users\18022\.m2\repository\software\amazon\awssdk\identity-spi\2.31.18\identity-spi-2.31.18.jar;C:\Users\18022\.m2\repository\software\amazon\awssdk\http-auth-spi\2.31.18\http-auth-spi-2.31.18.jar;C:\Users\18022\.m2\repository\org\reactivestreams\reactive-streams\1.0.4\reactive-streams-1.0.4.jar;C:\Users\18022\.m2\repository\software\amazon\awssdk\http-auth-aws\2.31.18\http-auth-aws-2.31.18.jar;C:\Users\18022\.m2\repository\software\amazon\awssdk\checksums\2.31.18\checksums-2.31.18.jar;C:\Users\18022\.m2\repository\software\amazon\awssdk\checksums-spi\2.31.18\checksums-spi-2.31.18.jar;C:\Users\18022\.m2\repository\software\amazon\awssdk\retries-spi\2.31.18\retries-spi-2.31.18.jar;C:\Users\18022\.m2\repository\software\amazon\awssdk\sdk-core\2.31.18\sdk-core-2.31.18.jar;C:\Users\18022\.m2\repository\software\amazon\awssdk\retries\2.31.18\retries-2.31.18.jar;C:\Users\18022\.m2\repository\software\amazon\awssdk\auth\2.31.18\auth-2.31.18.jar;C:\Users\18022\.m2\repository\software\amazon\awssdk\http-auth-aws-eventstream\2.31.18\http-auth-aws-eventstream-2.31.18.jar;C:\Users\18022\.m2\repository\software\amazon\eventstream\eventstream\1.0.1\eventstream-1.0.1.jar;C:\Users\18022\.m2\repository\software\amazon\awssdk\http-client-spi\2.31.18\http-client-spi-2.31.18.jar;C:\Users\18022\.m2\repository\software\amazon\awssdk\regions\2.31.18\regions-2.31.18.jar;C:\Users\18022\.m2\repository\software\amazon\awssdk\annotations\2.31.18\annotations-2.31.18.jar;C:\Users\18022\.m2\repository\software\amazon\awssdk\utils\2.31.18\utils-2.31.18.jar;C:\Users\18022\.m2\repository\software\amazon\awssdk\aws-core\2.31.18\aws-core-2.31.18.jar;C:\Users\18022\.m2\repository\software\amazon\awssdk\metrics-spi\2.31.18\metrics-spi-2.31.18.jar;C:\Users\18022\.m2\repository\software\amazon\awssdk\json-utils\2.31.18\json-utils-2.31.18.jar;C:\Users\18022\.m2\repository\software\amazon\awssdk\third-party-jackson-core\2.31.18\third-party-jackson-core-2.31.18.jar;C:\Users\18022\.m2\repository\software\amazon\awssdk\endpoints-spi\2.31.18\endpoints-spi-2.31.18.jar;C:\Users\18022\.m2\repository\software\amazon\awssdk\apache-client\2.31.18\apache-client-2.31.18.jar;C:\Users\18022\.m2\repository\org\apache\httpcomponents\httpclient\4.5.13\httpclient-4.5.13.jar;C:\Users\18022\.m2\repository\commons-logging\commons-logging\1.2\commons-logging-1.2.jar;C:\Users\18022\.m2\repository\org\apache\httpcomponents\httpcore\4.4.16\httpcore-4.4.16.jar;C:\Users\18022\.m2\repository\software\amazon\awssdk\netty-nio-client\2.31.18\netty-nio-client-2.31.18.jar;C:\Users\18022\.m2\repository\io\netty\netty-codec-http\4.1.118.Final\netty-codec-http-4.1.118.Final.jar;C:\Users\18022\.m2\repository\io\netty\netty-codec-http2\4.1.118.Final\netty-codec-http2-4.1.118.Final.jar;C:\Users\18022\.m2\repository\io\netty\netty-codec\4.1.118.Final\netty-codec-4.1.118.Final.jar;C:\Users\18022\.m2\repository\io\netty\netty-transport\4.1.118.Final\netty-transport-4.1.118.Final.jar;C:\Users\18022\.m2\repository\io\netty\netty-common\4.1.118.Final\netty-common-4.1.118.Final.jar;C:\Users\18022\.m2\repository\io\netty\netty-buffer\4.1.118.Final\netty-buffer-4.1.118.Final.jar;C:\Users\18022\.m2\repository\io\netty\netty-handler\4.1.118.Final\netty-handler-4.1.118.Final.jar;C:\Users\18022\.m2\repository\io\netty\netty-transport-native-unix-common\4.1.118.Final\netty-transport-native-unix-common-4.1.118.Final.jar;C:\Users\18022\.m2\repository\io\netty\netty-transport-classes-epoll\4.1.118.Final\netty-transport-classes-epoll-4.1.118.Final.jar;C:\Users\18022\.m2\repository\io\netty\netty-resolver\4.1.118.Final\netty-resolver-4.1.118.Final.jar;C:\Users\18022\.m2\repository\software\amazon\awssdk\url-connection-client\2.31.18\url-connection-client-2.31.18.jar;C:\Users\18022\.m2\repository\io\minio\minio\8.5.17\minio-8.5.17.jar;C:\Users\18022\.m2\repository\com\carrotsearch\thirdparty\simple-xml-safe\2.7.1\simple-xml-safe-2.7.1.jar;C:\Users\18022\.m2\repository\com\google\guava\guava\33.3.1-jre\guava-33.3.1-jre.jar;C:\Users\18022\.m2\repository\com\google\guava\failureaccess\1.0.2\failureaccess-1.0.2.jar;C:\Users\18022\.m2\repository\com\google\guava\listenablefuture\9999.0-empty-to-avoid-conflict-with-guava\listenablefuture-9999.0-empty-to-avoid-conflict-with-guava.jar;C:\Users\18022\.m2\repository\com\google\code\findbugs\jsr305\3.0.2\jsr305-3.0.2.jar;C:\Users\18022\.m2\repository\org\checkerframework\checker-qual\3.43.0\checker-qual-3.43.0.jar;C:\Users\18022\.m2\repository\com\google\j2objc\j2objc-annotations\3.0.0\j2objc-annotations-3.0.0.jar;C:\Users\18022\.m2\repository\com\squareup\okhttp3\okhttp\4.12.0\okhttp-4.12.0.jar;C:\Users\18022\.m2\repository\com\squareup\okio\okio\3.6.0\okio-3.6.0.jar;C:\Users\18022\.m2\repository\com\squareup\okio\okio-jvm\3.6.0\okio-jvm-3.6.0.jar;C:\Users\18022\.m2\repository\org\jetbrains\kotlin\kotlin-stdlib-common\1.9.25\kotlin-stdlib-common-1.9.25.jar;C:\Users\18022\.m2\repository\org\jetbrains\kotlin\kotlin-stdlib-jdk8\1.9.25\kotlin-stdlib-jdk8-1.9.25.jar;C:\Users\18022\.m2\repository\org\jetbrains\kotlin\kotlin-stdlib-jdk7\1.9.25\kotlin-stdlib-jdk7-1.9.25.jar;C:\Users\18022\.m2\repository\com\fasterxml\jackson\core\jackson-annotations\2.18.2\jackson-annotations-2.18.2.jar;C:\Users\18022\.m2\repository\com\fasterxml\jackson\core\jackson-core\2.18.2\jackson-core-2.18.2.jar;C:\Users\18022\.m2\repository\com\fasterxml\jackson\core\jackson-databind\2.18.2\jackson-databind-2.18.2.jar;C:\Users\18022\.m2\repository\org\bouncycastle\bcprov-jdk18on\1.78.1\bcprov-jdk18on-1.78.1.jar;C:\Users\18022\.m2\repository\org\apache\commons\commons-compress\1.27.1\commons-compress-1.27.1.jar;C:\Users\18022\.m2\repository\commons-io\commons-io\2.16.1\commons-io-2.16.1.jar;C:\Users\18022\.m2\repository\org\apache\commons\commons-lang3\3.17.0\commons-lang3-3.17.0.jar;C:\Users\18022\.m2\repository\commons-codec\commons-codec\1.17.2\commons-codec-1.17.2.jar;C:\Users\18022\.m2\repository\org\xerial\snappy\snappy-java\1.1.10.7\snappy-java-1.1.10.7.jar;C:\Users\18022\.m2\repository\junit\junit\4.13.2\junit-4.13.2.jar;C:\Users\18022\.m2\repository\org\hamcrest\hamcrest-core\2.2\hamcrest-core-2.2.jar;C:\Users\18022\.m2\repository\org\springframework\boot\spring-boot-starter-web\3.4.5\spring-boot-starter-web-3.4.5.jar;C:\Users\18022\.m2\repository\org\springframework\boot\spring-boot-starter\3.4.3\spring-boot-starter-3.4.3.jar;C:\Users\18022\.m2\repository\org\springframework\boot\spring-boot\3.4.3\spring-boot-3.4.3.jar;C:\Users\18022\.m2\repository\org\springframework\boot\spring-boot-autoconfigure\3.4.3\spring-boot-autoconfigure-3.4.3.jar;C:\Users\18022\.m2\repository\org\springframework\boot\spring-boot-starter-logging\3.4.3\spring-boot-starter-logging-3.4.3.jar;C:\Users\18022\.m2\repository\ch\qos\logback\logback-classic\1.5.16\logback-classic-1.5.16.jar;C:\Users\18022\.m2\repository\ch\qos\logback\logback-core\1.5.16\logback-core-1.5.16.jar;C:\Users\18022\.m2\repository\org\apache\logging\log4j\log4j-to-slf4j\2.24.3\log4j-to-slf4j-2.24.3.jar;C:\Users\18022\.m2\repository\org\apache\logging\log4j\log4j-api\2.24.3\log4j-api-2.24.3.jar;C:\Users\18022\.m2\repository\org\slf4j\jul-to-slf4j\2.0.16\jul-to-slf4j-2.0.16.jar;C:\Users\18022\.m2\repository\jakarta\annotation\jakarta.annotation-api\2.1.1\jakarta.annotation-api-2.1.1.jar;C:\Users\18022\.m2\repository\org\yaml\snakeyaml\2.3\snakeyaml-2.3.jar;C:\Users\18022\.m2\repository\org\springframework\boot\spring-boot-starter-json\3.4.3\spring-boot-starter-json-3.4.3.jar;C:\Users\18022\.m2\repository\com\fasterxml\jackson\datatype\jackson-datatype-jdk8\2.18.2\jackson-datatype-jdk8-2.18.2.jar;C:\Users\18022\.m2\repository\com\fasterxml\jackson\datatype\jackson-datatype-jsr310\2.18.2\jackson-datatype-jsr310-2.18.2.jar;C:\Users\18022\.m2\repository\com\fasterxml\jackson\module\jackson-module-parameter-names\2.18.2\jackson-module-parameter-names-2.18.2.jar;C:\Users\18022\.m2\repository\org\springframework\boot\spring-boot-starter-tomcat\3.4.3\spring-boot-starter-tomcat-3.4.3.jar;C:\Users\18022\.m2\repository\org\apache\tomcat\embed\tomcat-embed-core\10.1.36\tomcat-embed-core-10.1.36.jar;C:\Users\18022\.m2\repository\org\apache\tomcat\embed\tomcat-embed-el\10.1.36\tomcat-embed-el-10.1.36.jar;C:\Users\18022\.m2\repository\org\apache\tomcat\embed\tomcat-embed-websocket\10.1.36\tomcat-embed-websocket-10.1.36.jar;C:\Users\18022\.m2\repository\org\springframework\spring-web\6.2.3\spring-web-6.2.3.jar;C:\Users\18022\.m2\repository\org\springframework\spring-beans\6.2.3\spring-beans-6.2.3.jar;C:\Users\18022\.m2\repository\io\micrometer\micrometer-observation\1.14.4\micrometer-observation-1.14.4.jar;C:\Users\18022\.m2\repository\io\micrometer\micrometer-commons\1.14.4\micrometer-commons-1.14.4.jar;C:\Users\18022\.m2\repository\org\springframework\spring-webmvc\6.2.3\spring-webmvc-6.2.3.jar;C:\Users\18022\.m2\repository\org\springframework\spring-aop\6.2.3\spring-aop-6.2.3.jar;C:\Users\18022\.m2\repository\org\springframework\spring-context\6.2.3\spring-context-6.2.3.jar;C:\Users\18022\.m2\repository\org\springframework\spring-expression\6.2.3\spring-expression-6.2.3.jar;C:\Users\18022\.m2\repository\org\springframework\boot\spring-boot-starter-test\3.4.3\spring-boot-starter-test-3.4.3.jar;C:\Users\18022\.m2\repository\org\springframework\boot\spring-boot-test\3.4.3\spring-boot-test-3.4.3.jar;C:\Users\18022\.m2\repository\org\springframework\boot\spring-boot-test-autoconfigure\3.4.3\spring-boot-test-autoconfigure-3.4.3.jar;C:\Users\18022\.m2\repository\com\jayway\jsonpath\json-path\2.9.0\json-path-2.9.0.jar;C:\Users\18022\.m2\repository\net\minidev\json-smart\2.5.2\json-smart-2.5.2.jar;C:\Users\18022\.m2\repository\net\minidev\accessors-smart\2.5.2\accessors-smart-2.5.2.jar;C:\Users\18022\.m2\repository\org\ow2\asm\asm\9.7.1\asm-9.7.1.jar;C:\Users\18022\.m2\repository\org\assertj\assertj-core\3.26.3\assertj-core-3.26.3.jar;C:\Users\18022\.m2\repository\org\awaitility\awaitility\4.2.2\awaitility-4.2.2.jar;C:\Users\18022\.m2\repository\org\hamcrest\hamcrest\2.2\hamcrest-2.2.jar;C:\Users\18022\.m2\repository\org\junit\jupiter\junit-jupiter\5.11.4\junit-jupiter-5.11.4.jar;C:\Users\18022\.m2\repository\org\junit\jupiter\junit-jupiter-api\5.11.4\junit-jupiter-api-5.11.4.jar;C:\Users\18022\.m2\repository\org\opentest4j\opentest4j\1.3.0\opentest4j-1.3.0.jar;C:\Users\18022\.m2\repository\org\junit\platform\junit-platform-commons\1.11.4\junit-platform-commons-1.11.4.jar;C:\Users\18022\.m2\repository\org\apiguardian\apiguardian-api\1.1.2\apiguardian-api-1.1.2.jar;C:\Users\18022\.m2\repository\org\junit\jupiter\junit-jupiter-params\5.11.4\junit-jupiter-params-5.11.4.jar;C:\Users\18022\.m2\repository\org\junit\jupiter\junit-jupiter-engine\5.11.4\junit-jupiter-engine-5.11.4.jar;C:\Users\18022\.m2\repository\org\junit\platform\junit-platform-engine\1.11.4\junit-platform-engine-1.11.4.jar;C:\Users\18022\.m2\repository\org\mockito\mockito-core\5.14.2\mockito-core-5.14.2.jar;C:\Users\18022\.m2\repository\net\bytebuddy\byte-buddy-agent\1.15.11\byte-buddy-agent-1.15.11.jar;C:\Users\18022\.m2\repository\org\objenesis\objenesis\3.3\objenesis-3.3.jar;C:\Users\18022\.m2\repository\org\mockito\mockito-junit-jupiter\5.14.2\mockito-junit-jupiter-5.14.2.jar;C:\Users\18022\.m2\repository\org\skyscreamer\jsonassert\1.5.3\jsonassert-1.5.3.jar;C:\Users\18022\.m2\repository\com\vaadin\external\google\android-json\0.0.20131108.vaadin1\android-json-0.0.20131108.vaadin1.jar;C:\Users\18022\.m2\repository\org\springframework\spring-core\6.2.3\spring-core-6.2.3.jar;C:\Users\18022\.m2\repository\org\springframework\spring-jcl\6.2.3\spring-jcl-6.2.3.jar;C:\Users\18022\.m2\repository\org\springframework\spring-test\6.2.3\spring-test-6.2.3.jar;C:\Users\18022\.m2\repository\org\xmlunit\xmlunit-core\2.10.0\xmlunit-core-2.10.0.jar;C:\Users\18022\.m2\repository\org\mockito\mockito-inline\5.2.0\mockito-inline-5.2.0.jar;C:\Users\18022\.m2\repository\com\h2database\h2\2.3.232\h2-2.3.232.jar;C:\Users\18022\.m2\repository\org\springframework\boot\spring-boot-starter-data-redis\3.4.3\spring-boot-starter-data-redis-3.4.3.jar;C:\Users\18022\.m2\repository\io\lettuce\lettuce-core\6.4.2.RELEASE\lettuce-core-6.4.2.RELEASE.jar;C:\Users\18022\.m2\repository\io\projectreactor\reactor-core\3.7.3\reactor-core-3.7.3.jar;C:\Users\18022\.m2\repository\org\springframework\data\spring-data-redis\3.4.3\spring-data-redis-3.4.3.jar;C:\Users\18022\.m2\repository\org\springframework\data\spring-data-keyvalue\3.4.3\spring-data-keyvalue-3.4.3.jar;C:\Users\18022\.m2\repository\org\springframework\data\spring-data-commons\3.4.3\spring-data-commons-3.4.3.jar;C:\Users\18022\.m2\repository\org\springframework\spring-tx\6.2.3\spring-tx-6.2.3.jar;C:\Users\18022\.m2\repository\org\springframework\spring-oxm\6.2.3\spring-oxm-6.2.3.jar;C:\Users\18022\.m2\repository\org\springframework\spring-context-support\6.2.3\spring-context-support-6.2.3.jar;C:\Users\18022\.m2\repository\io\github\cdimascio\java-dotenv\5.2.2\java-dotenv-5.2.2.jar;C:\Users\18022\.m2\repository\org\jetbrains\kotlin\kotlin-stdlib\1.9.25\kotlin-stdlib-1.9.25.jar;C:\Users\18022\.m2\repository\org\jetbrains\annotations\13.0\annotations-13.0.jar;"/>
    <property name="sun.cpu.endian" value="little"/>
    <property name="user.home" value="C:\Users\18022"/>
    <property name="user.language" value="en"/>
    <property name="java.specification.vendor" value="Oracle Corporation"/>
    <property name="java.version.date" value="2025-01-21"/>
    <property name="java.home" value="C:\Users\18022\.jdks\openjdk-23.0.2"/>
    <property name="file.separator" value="\"/>
    <property name="basedir" value="C:\school_projects\semester3\Persoonlijk_project\ClickGameAPI\dal"/>
    <property name="java.vm.compressedOopsMode" value="Zero based"/>
    <property name="line.separator" value="&#10;"/>
    <property name="java.vm.specification.vendor" value="Oracle Corporation"/>
    <property name="java.specification.name" value="Java Platform API Specification"/>
    <property name="surefire.real.class.path" value="C:\Users\18022\AppData\Local\Temp\surefire10805614641423333439\surefirebooter-20250603103108947_3.jar"/>
    <property name="user.script" value=""/>
    <property name="sun.management.compiler" value="HotSpot 64-Bit Tiered Compilers"/>
    <property name="java.runtime.version" value="23.0.2+7-58"/>
    <property name="user.name" value="18022"/>
    <property name="stdout.encoding" value="Cp1252"/>
    <property name="path.separator" value=";"/>
    <property name="os.version" value="10.0"/>
    <property name="java.runtime.name" value="OpenJDK Runtime Environment"/>
    <property name="file.encoding" value="UTF-8"/>
    <property name="java.vm.name" value="OpenJDK 64-Bit Server VM"/>
    <property name="localRepository" value="C:\Users\18022\.m2\repository"/>
    <property name="java.vendor.url.bug" value="https://bugreport.java.com/bugreport/"/>
    <property name="java.io.tmpdir" value="C:\Users\18022\AppData\Local\Temp\"/>
    <property name="idea.version" value="2024.3.2.2"/>
    <property name="java.version" value="23.0.2"/>
    <property name="user.dir" value="C:\school_projects\semester3\Persoonlijk_project\ClickGameAPI\dal"/>
    <property name="os.arch" value="amd64"/>
    <property name="java.vm.specification.name" value="Java Virtual Machine Specification"/>
    <property name="user.language.format" value="nl"/>
    <property name="sun.os.patch.level" value=""/>
    <property name="native.encoding" value="Cp1252"/>
    <property name="java.library.path" value="C:\Users\18022\.jdks\openjdk-23.0.2\bin;C:\WINDOWS\Sun\Java\bin;C:\WINDOWS\system32;C:\WINDOWS;C:\Program Files\Eclipse Adoptium\jdk-21.0.6.7-hotspot\bin;C:\Program Files\Common Files\Oracle\Java\javapath;C:\WINDOWS\system32;C:\WINDOWS;C:\WINDOWS\System32\Wbem;C:\WINDOWS\System32\WindowsPowerShell\v1.0\;C:\WINDOWS\System32\OpenSSH\;C:\Program Files\dotnet\;C:\Program Files\Microsoft SQL Server\Client SDK\ODBC\170\Tools\Binn\;C:\Program Files\Microsoft SQL Server\150\Tools\Binn\;C:\Program Files (x86)\Microsoft SQL Server\160\DTS\Binn\;C:\Program Files\Git\cmd;C:\Program Files (x86)\Windows Kits\10\Windows Performance Toolkit\;C:\Program Files\Docker\Docker\resources\bin;C:\Program Files\nodejs\;C:\ProgramData\chocolatey\bin;C:\Program Files\Java\jdk-23\bin;C:\Maven\bin;C:\Program Files\OpenSSL-Win32\bin;C:\Users\18022\AppData\Local\Programs\Python\Launcher\;C:\Users\18022\AppData\Local\Microsoft\WindowsApps;C:\Users\18022\AppData\Local\Programs\Microsoft VS Code\bin;C:\Users\18022\AppData\Local\GitHubDesktop\bin;C:\Users\18022\.dotnet\tools;C:\Users\18022\AppData\Local\Programs\Ollama;C:\Users\18022\AppData\Roaming\npm;C:\Program Files\OpenSSL-Win64\bin;."/>
    <property name="java.vm.info" value="mixed mode, sharing"/>
    <property name="stderr.encoding" value="Cp1252"/>
    <property name="java.vendor" value="Oracle Corporation"/>
    <property name="java.vm.version" value="23.0.2+7-58"/>
    <property name="sun.io.unicode.encoding" value="UnicodeLittle"/>
    <property name="java.class.version" value="67.0"/>
  </properties>
  <testcase name="testUploadFile" classname="com.example.MinioServicesTest" time="2.557"/>
  <testcase name="testGetFile" classname="com.example.MinioServicesTest" time="0.217">
    <system-out><![CDATA[Looking for object key: [image.jpg]
]]></system-out>
  </testcase>
  <testcase name="testGetImageNames" classname="com.example.MinioServicesTest" time="0.127"/>
</testsuite>